[LOG] System::create                           : Header version = 2.01.05. Current version = 2.01.05.
[LOG] Manager::init                            : maxchannels = 256 studioflags = 00000006 flags 00000000 extradriverdata 0000000000000000.
[LOG] SystemI::init                            : Initialize version=20105 (112138), maxchannels=256, flags=0x00020000
[LOG] SystemI::setOutputInternal               : Setting output to 'FMOD WASAPI Output'
[LOG] OutputWASAPI::init                       : Mix Format (WAVEFORMATEX): wFormatTag=0xFFFE, nChannels=2, nSamplesPerSec=48000, nAvgBytesPerSec=384000, nBlockAlign=8, wBitsPerSample=32, cbSize=22.
[LOG] OutputWASAPI::init                       : Mix Format (WAVEFORMATEXTENSIBLE): wValidBitsPerSample=32, dwChannelMask=0x00000003, SubFormat=00000003-0000-0010-8000-00AA00389B71.
[LOG] OutputWASAPI::init                       : Output buffer size: 4096 samples, latency: 0.00ms, period: 10.00ms, DSP buffer: 1024 * 4
[LOG] Thread::initThread                       : Init FMOD stream thread. Affinity: 0x8000000000000003, Priority: 0xFFFF7FFB, Stack Size: 98304, Semaphore: No, Sleep Time: 10, Looping: Yes.
[LOG] Thread::initThread                       : Init FMOD mixer thread. Affinity: 0x8000000000000001, Priority: 0xFFFF7FFA, Stack Size: 81920, Semaphore: No, Sleep Time: 0, Looping: Yes.
[LOG] AsyncManager::init                       : manager 0000016B6D457998 isAsync 0 updatePeriod 0.02
[LOG] AsyncManager::init                       : done
[LOG] PlaybackSystem::init                     : 
[LOG] Thread::initThread                       : Init FMOD Studio sample load thread. Affinity: 0x8000000000000003, Priority: 0xFFFF7FFD, Stack Size: 98304, Semaphore: No, Sleep Time: 1, Looping: No.
[LOG] PlaybackSystem::init                     : done
[LOG] Thread::initThread                       : Init FMOD Studio bank load thread. Affinity: 0x8000000000000003, Priority: 0xFFFF7FFD, Stack Size: 98304, Semaphore: No, Sleep Time: 1, Looping: No.
[LOG] Manager::init                            : done.
[LOG] Manager::readBank                        : fileversion = 135, compatVersion = 132 (oldest = 44, newest = 135)
[LOG] Manager::readBank                        : fileversion = 135, compatVersion = 132 (oldest = 44, newest = 135)
[LOG] Manager::readBank                        : fileversion = 135, compatVersion = 132 (oldest = 44, newest = 135)
[LOG] PlaybackSystem::acquireMasterBus         : Setting master channel group format to 6
[WRN] FMOD_OS_Net_Listen                       : Cannot listen for connections, port 9264 is currently in use.
[WRN] FMOD_OS_Net_Listen                       : Cannot listen for connections, port 9264 is currently in use.
[WRN] FMOD_OS_Net_Listen                       : Cannot listen for connections, port 9264 is currently in use.
[WRN] FMOD_OS_Net_Listen                       : Cannot listen for connections, port 9264 is currently in use.
[WRN] FMOD_OS_Net_Listen                       : Cannot listen for connections, port 9264 is currently in use.
[WRN] FMOD_OS_Net_Listen                       : Cannot listen for connections, port 9264 is currently in use.
[LOG] Thread::callback                         : FMOD Studio bank load thread finished.
[LOG] Thread::callback                         : FMOD Studio sample load thread finished.
[LOG] LiveUpdate::release                      : 
[LOG] LiveUpdate::reset                        : Reset connection (reason Disconnected)
[LOG] Thread::callback                         : FMOD stream thread finished.
[LOG] Thread::callback                         : FMOD mixer thread finished.
[LOG] SystemI::close                           : Closed.
[LOG] SoundI::release                          :  (0000016B46CCF0C8)
[LOG] SoundI::release                          :     I said dont do that (0000016B4696D9B8)
[LOG] SoundI::release                          :  (0000016B46CD04E8)
[LOG] SoundI::release                          :     I said stop that (0000016B46965AF8)
[LOG] SoundI::release                          :  (0000016B46CCB748)
[LOG] SoundI::release                          :     Ouch (0000016B46968538)
[LOG] SoundI::release                          :  (0000016B46CCD578)
[LOG] SoundI::release                          :     Ouch2 (0000016B46965FD8)
[LOG] SoundI::release                          :  (0000016B46CCE6B8)
[LOG] SoundI::release                          :     Announcer And Here We Go 2 (0000016B4696C638)
[LOG] SoundI::release                          :  (0000016B46CCF518)
[LOG] SoundI::release                          :     Announcer Saying Youre On Fire (0000016B46967358)
[LOG] SoundI::release                          :  (0000016B46CCEDE8)
[LOG] SoundI::release                          :     Announcer Saying Youre On Fire Now (0000016B469679D8)
[LOG] SoundI::release                          :  (0000016B46CCE548)
[LOG] SoundI::release                          :     Announcer Saying Hes On A Roll (0000016B46970738)
[LOG] SoundI::release                          :  (0000016B46CCE3D8)
[LOG] SoundI::release                          :     Announcer Let The Games Begin 3 (0000016B4696DE98)
[LOG] SoundI::release                          :  (0000016B46CCCCD8)
[LOG] SoundI::release                          :     Announcer Let The Games Begin 4 (0000016B46970258)
[LOG] SoundI::release                          :  (0000016B46CCDE18)
[LOG] SoundI::release                          :     Announcer Let The Games Begin 2 (0000016B46967EB8)
[LOG] SoundI::release                          :  (0000016B46CD0378)
[LOG] SoundI::release                          :     Announcer Let The Games Begin 1 (0000016B46967018)
[LOG] SoundI::release                          :  (0000016B46CCC888)
[LOG] SoundI::release                          :     Ive been waiting for this moment all my life (0000016B4696B5F8)
[LOG] SoundI::release                          :  (0000016B46CCEC78)
[LOG] SoundI::release                          :     how proud am i (0000016B46967838)
[LOG] SoundI::release                          :  (0000016B46CCB468)
[LOG] SoundI::release                          :     my young padawan is showing promise (0000016B46967D18)
[LOG] SoundI::release                          :  (0000016B46CCD9C8)
[LOG] SoundI::release                          :     we have a natural (0000016B4696A278)
[LOG] SoundI::release                          :  (0000016B46CCE268)
[LOG] SoundI::release                          :     Announcer Try Again (0000016B46968878)
[LOG] SoundI::release                          :  (0000016B46CCEB08)
[LOG] SoundI::release                          :     Announcer Saying Epic (0000016B46965E38)
[LOG] SoundI::release                          :  (0000016B46CCDCA8)
[LOG] SoundI::release                          :     Announcer Level Complete 2 (0000016B46968058)
[LOG] SoundI::release                          :  (0000016B46CCF968)
[LOG] SoundI::release                          :     Announcer Saying Level Completed 1 (0000016B4696ADD8)
[LOG] SoundI::release                          :  (0000016B46CCB8B8)
[LOG] SoundI::release                          :     Announcer Saying Level Completed 2 (0000016B46966B38)
[LOG] SoundI::release                          :  (0000016B46CD0658)
[LOG] SoundI::release                          :     Grunt1 (0000016B46966CD8)
[LOG] SoundI::release                          :  (0000016B46CCDB38)
[LOG] SoundI::release                          :     Grunt2 (0000016B46966658)
[LOG] SoundI::release                          :  (0000016B46CCEF58)
[LOG] SoundI::release                          :     Grunt3 (0000016B4696AF78)
[LOG] SoundI::release                          :  (0000016B46CCD858)
[LOG] SoundI::release                          :     Thrown_object (0000016B4696F078)
[LOG] SoundI::release                          :  (0000016B46CCB2F8)
[LOG] SoundI::release                          :     referee-whistle-01 (0000016B4696A418)
[LOG] SoundI::release                          :  (0000016B46CCCB68)
[LOG] SoundI::release                          :     11630 match begin referee whistle-full (0000016B469674F8)
[LOG] SoundI::release                          :  (0000016B46CCE0F8)
[LOG] SoundI::release                          :     11632 foul referee whistle-full (0000016B46965478)
[LOG] SoundI::release                          :  (0000016B46CCCFB8)
[LOG] SoundI::release                          :     Key Catch (0000016B46965C98)
[LOG] SoundI::release                          :  (0000016B46CCC2C8)
[LOG] SoundI::release                          :     1SecTimer (0000016B46967698)
[LOG] SoundI::release                          :  (0000016B46CCD6E8)
[LOG] SoundI::release                          :     open_drawer (0000016B469686D8)
[LOG] SoundI::release                          :  (0000016B46CCFDB8)
[LOG] SoundI::release                          :     10SecTimer (0000016B4696C2F8)
[LOG] SoundI::release                          :  (0000016B46CCDF88)
[LOG] SoundI::release                          :     game_sound_mallet_slighly_negative (0000016B46965618)
[LOG] SoundI::release                          :  (0000016B46CCC438)
[LOG] SoundI::release                          :     negative (0000016B46964DF8)
[LOG] Thread::callback                         : FMOD Studio update thread finished.
[LOG] Thread::callback                         : FMOD Studio bank load thread finished.
[LOG] Profile::disconnectAll                   : Profiler disconnecting all clients
[LOG] Thread::callback                         : FMOD Studio sample load thread finished.
[LOG] LiveUpdate::release                      : 
[LOG] LiveUpdate::reset                        : Reset connection (reason Disconnected)
[LOG] Thread::callback                         : FMOD stream thread finished.
[LOG] Thread::callback                         : FMOD mixer thread finished.
[LOG] Profile::disconnectAll                   : Profiler disconnecting all clients
[LOG] SystemI::close                           : Closed.
